Add-in Express Registrator Log File: 06/25/2018 15:30:33

Installation directory: C:\Users\kumar.ganapathi\AppData\Roaming\Accenture\Accenture External E-mail Validation Add-in\
Registrator version: 8.4.4395.0
Operating System: Microsoft Windows 10 Enterprise Edition (build 15063), 64-bit
Process Owner: User
Command Line: "C:\Users\kumar.ganapathi\AppData\Roaming\Accenture\Accenture External E-mail Validation Add-in\adxregistrator.exe" /install="AccentureExternalEmailValidationAddin.dll" /privileges=user
Run 'As Administrator': No
Process Elevated: No
Integrity Level: Medium
UAC (User Account Control): On
--------------------------------------------------------------
15:30:33 0532 Starting the add-in registration process.
15:30:33 0532 Loading mscoree.dll
15:30:33 0532 Success.
15:30:33 0532 .NET Framework installation directory: 
15:30:33 0532 The latest version of .NET Framework: 'v4.0.30319'
15:30:33 0532 Loading CLR: v4.0.30319.
15:30:33 0532 Calling CLRCreateInstance method.
15:30:33 0532 Success.
15:30:33 0532 Calling GetRuntime method.
15:30:33 0532 Success.
15:30:33 0532 Checking if the hosting API of .NET Framework v4.0 beta is installed.
15:30:33 0532 The hosting API is up to date.
15:30:33 0532 Calling GetInterface method for the CorRuntimeHost interface.
15:30:33 0532 Success.
15:30:33 0532 Starting CLR...
15:30:33 0532 Success.
15:30:33 0532 Getting the CLR version.
15:30:33 0532 The CLR v4.0.30319 has been initialized successfully.
15:30:33 0532 Creating a new domain setup.
15:30:33 0532 Success.
15:30:33 0532 Getting the add-in directory.
15:30:33 0532 Success. The directory is 'C:\Users\kumar.ganapathi\AppData\Roaming\Accenture\Accenture External E-mail Validation Add-in\'
15:30:33 0532 The 'shadow copy' is disabled.
15:30:33 0532 Creating a new application domain.
15:30:33 0532 Success.
15:30:33 0532 Getting the base directory for the domain.
15:30:33 0532 Success. The directory is 'C:\Users\kumar.ganapathi\AppData\Roaming\Accenture\Accenture External E-mail Validation Add-in\'.
15:30:33 0532 Searching for the Add-in Express core library.
15:30:33 0532 Success. The 'AddinExpress.MSO.2005.dll' file is found.
15:30:33 0532 Creating an instance of the 'AddinExpress.Deployment.ADXRegistrator' class.
15:30:33 0532 Assembly identity is 'AddinExpress.MSO.2005'.
15:30:33 0532 Success.
15:30:33 0532 Unwrapping the instance of the 'AddinExpress.Deployment.ADXRegistrator' class.
15:30:33 0532 Success.
15:30:33 0532 Calling the managed registration procedure (DISPID = 1610743823).
15:30:34 0532 Registration success.
15:30:34 0532 The add-in registration process is completed with HRESULT = 0.
